2019-11-10 20:36:35.480 INFO  Neuer Benutzer wird angelegt 
2019-11-10 20:36:35.486 INFO  Neuer Benutzer angelegt: {"geschlecht":"M","vorname":"omar","nachname":"zahir","email":"o.z@hotmail.com","passwort":"326f882a02d0192e91bf321100cfef69080779d69b56742eb4e53371cce79b12","tel":"0793251749","role":"USER","reservationen":[],"id":2} 
2019-11-10 20:36:50.575 TRACE Neue Reservation wird angelegt: {"datum":"2019-11-11","uhrzeit":"19:35","dauer":"15m","nachricht":"Reservation"} 
2019-11-10 20:36:50.580 INFO  Neue Reservation: {"id":1,"bestaetigt":false,"datum":"2019-11-11","uhrzeit":"19:35","dauer":"15m","nachricht":"Reservation"} 
2019-11-10 20:36:53.874 TRACE Neue Reservation wird angelegt: {"datum":"2019-11-13","uhrzeit":"19:35","dauer":"15m","nachricht":"Reservation"} 
2019-11-10 20:36:53.880 INFO  Neue Reservation: {"id":2,"bestaetigt":false,"datum":"2019-11-13","uhrzeit":"19:35","dauer":"15m","nachricht":"Reservation"} 
2019-11-10 20:39:34.420 INFO  Neuer Benutzer wird angelegt 
2019-11-10 20:39:34.427 INFO  Neuer Benutzer angelegt: {"geschlecht":"M","vorname":"Patrick","nachname":"Scheidegger","email":"p.s@hotmail.com","passwort":"c11e14343ccf58ee744e6a96fa2e10fafe0a29a38843310c43475da194b1120b","tel":"0793251749","role":"ADMIN","reservationen":[],"id":3} 
2019-11-10 20:39:57.733 TRACE Benutzer mit Email p.s@hotmail.com angemeldet, role: ADMIN 
2019-11-10 20:40:01.358 TRACE Es wurden Benutzer mit Reservationen abgerufen, anzahl zurückgegebener Benutzer: 1 
2019-11-10 20:40:08.185 TRACE Reservationsbestätigung: Reservation mit ID 1 des Benutzers mit ID 2 
2019-11-10 20:40:08.187 INFO  Reservation mit ID 1 des Benutzers mit ID 2 bestätigt 
2019-11-10 20:40:08.198 TRACE Es wurden Benutzer mit Reservationen abgerufen, anzahl zurückgegebener Benutzer: 1 
2019-11-10 20:41:40.733 INFO  Neuer Benutzer wird angelegt 
2019-11-10 20:41:40.740 INFO  Neuer Benutzer angelegt: {"id":4,"geschlecht":"M","vorname":"Elio","nachname":"Baserga","email":"e.b@hotmail.com","passwort":"b529a74e409459382069eeeee5780aa565aedd984bc40dbec080ddac59e0e764","tel":"0793251749","role":"USER","reservationen":[]} 
2019-11-10 20:41:56.490 TRACE Benutzer mit Email e.b@hotmail.com angemeldet, role: USER 
2019-12-03 11:38:11.141 INFO  Email arben_a.k@hotmail.com nicht gefunden oder falsches Passwort 
2019-12-03 11:38:34.212 TRACE Benutzer mit Email arben_a.k@hotmail.com angemeldet, role: ADMIN 
2019-12-03 11:38:39.039 TRACE Es wurden Benutzer mit Reservationen abgerufen, anzahl zurückgegebener Benutzer: 1 
2019-12-03 11:38:41.382 TRACE Reservationslöschung: Reservation mit ID 2 des Benutzers mit ID 2 
2019-12-03 11:38:41.384 INFO  Reservation mit ID 2 des Benutzers mit ID 2 gelöscht 
2019-12-03 11:38:41.391 TRACE Es wurden Benutzer mit Reservationen abgerufen, anzahl zurückgegebener Benutzer: 0 
2019-12-03 11:39:07.203 TRACE Benutzer mit Email o.z@hotmail.com angemeldet, role: USER 
2019-12-04 08:58:31.125 TRACE Benutzer mit Email o.z@hotmail.com angemeldet, role: USER 
2019-12-04 11:49:42.378 TRACE Benutzer mit Email o.z@hotmail.com angemeldet, role: USER 
2019-12-04 11:50:41.594 TRACE Benutzer mit Email o.z@hotmail.com angemeldet, role: USER 
2019-12-08 22:19:07.068 TRACE Benutzer mit Email arben_a.k@hotmail.com angemeldet, role: ADMIN 
2019-12-08 22:19:08.608 TRACE Es wurden Benutzer mit Reservationen abgerufen, anzahl zurückgegebener Benutzer: 0 
2019-12-08 22:19:12.369 TRACE Es wurden Benutzer mit Reservationen abgerufen, anzahl zurückgegebener Benutzer: 0 
2019-12-08 22:19:35.329 TRACE Es wurden Benutzer mit Reservationen abgerufen, anzahl zurückgegebener Benutzer: 0 
2019-12-08 22:19:49.873 TRACE Benutzer mit Email o.z@hotmail.com angemeldet, role: USER 
2019-12-08 22:20:20.283 TRACE Neue Reservation wird angelegt: {"datum":"2019-12-18","uhrzeit":"17:21","dauer":"30m","nachricht":""} 
2019-12-08 22:20:20.288 INFO  Neue Reservation: {"id":3,"bestaetigt":false,"datum":"2019-12-18","uhrzeit":"17:21","dauer":"30m","nachricht":""} 
2019-12-08 22:20:36.820 TRACE Benutzer mit Email arben_a.k@hotmail.com angemeldet, role: ADMIN 
2019-12-08 22:20:38.076 TRACE Es wurden Benutzer mit Reservationen abgerufen, anzahl zurückgegebener Benutzer: 1 
2019-12-08 22:27:22.681 TRACE Benutzer mit Email arben_a.k@hotmail.com angemeldet, role: ADMIN 
2019-12-08 22:27:24.230 TRACE Es wurden Benutzer mit Reservationen abgerufen, anzahl zurückgegebener Benutzer: 1 
2019-12-08 22:27:49.965 TRACE Es wurden Benutzer mit Reservationen abgerufen, anzahl zurückgegebener Benutzer: 1 
2019-12-08 22:28:14.438 TRACE Es wurden Benutzer mit Reservationen abgerufen, anzahl zurückgegebener Benutzer: 1 
2019-12-09 18:51:26.761 TRACE Benutzer mit Email o.z@hotmail.com angemeldet, role: USER 
2019-12-09 18:52:16.062 TRACE Benutzer mit Email o.z@hotmail.com angemeldet, role: USER 
2019-12-09 19:00:45.822 TRACE Benutzer mit Email o.z@hotmail.com angemeldet, role: USER 
2019-12-09 19:22:16.501 TRACE Benutzer mit Email o.z@hotmail.com angemeldet, role: USER 
2019-12-17 11:08:28.958 TRACE Benutzer mit Email o.z@hotmail.com angemeldet, role: USER 
2019-12-17 11:09:17.532 TRACE Benutzer mit Email o.z@hotmail.com angemeldet, role: USER 
2019-12-17 11:34:31.559 TRACE Benutzer mit Email o.z@hotmail.com angemeldet, role: USER 
2020-01-07 11:26:08.174 INFO  Email o@z.com nicht gefunden oder falsches Passwort 
2020-01-07 11:26:17.114 INFO  Email o@z.com nicht gefunden oder falsches Passwort 
2020-01-07 11:26:17.401 INFO  Email o@z.com nicht gefunden oder falsches Passwort 
2020-01-07 11:26:44.163 INFO  Email o.z@hotmail.com nicht gefunden oder falsches Passwort 
2020-01-07 11:26:49.528 TRACE Benutzer mit Email o.z@hotmail.com angemeldet, role: USER 
2020-01-14 08:56:44.208 TRACE Benutzer mit Email o.z@hotmail.com angemeldet, role: USER 
2020-01-14 09:06:35.015 TRACE Benutzer mit Email o.z@hotmail.com angemeldet, role: USER 
2020-01-14 09:20:35.236 TRACE Benutzer mit Email o.z@hotmail.com angemeldet, role: USER 
2020-01-14 09:26:57.257 TRACE Benutzer mit Email o.z@hotmail.com angemeldet, role: USER 
2020-01-14 09:29:35.847 TRACE Benutzer mit Email o.z@hotmail.com angemeldet, role: USER 
2020-01-14 09:36:34.465 TRACE Benutzer mit Email o.z@hotmail.com angemeldet, role: USER 
2020-01-14 11:26:52.770 TRACE Benutzer mit Email o.z@hotmail.com angemeldet, role: USER 
2020-01-14 11:28:25.464 TRACE Benutzer mit Email o.z@hotmail.com angemeldet, role: USER 
2020-01-14 11:29:11.122 TRACE Benutzer mit Email o.z@hotmail.com angemeldet, role: USER 
2020-01-14 11:30:21.874 TRACE Neue Reservation wird angelegt: {"datum":"2020-01-16","uhrzeit":"16:00","services":[0,1,2,3],"nachricht":""} 
2020-01-14 11:30:21.889 INFO  Neue Reservation: {"id":4,"bestaetigt":false,"datum":"2020-01-16","uhrzeit":"16:00","services":[0,1,2,3],"nachricht":""} 
2020-01-14 11:31:08.198 TRACE Benutzer mit Email arben_a.k@hotmail.com angemeldet, role: ADMIN 
2020-01-14 11:31:10.098 TRACE Es wurden Benutzer mit Reservationen abgerufen, anzahl zurückgegebener Benutzer: 1 
2020-01-14 11:32:41.959 TRACE Benutzer mit Email arben_a.k@hotmail.com angemeldet, role: ADMIN 
2020-01-14 11:32:43.569 TRACE Es wurden Benutzer mit Reservationen abgerufen, anzahl zurückgegebener Benutzer: 1 
2020-01-14 11:33:46.823 TRACE Benutzer mit Email arben_a.k@hotmail.com angemeldet, role: ADMIN 
2020-01-14 11:33:48.064 TRACE Es wurden Benutzer mit Reservationen abgerufen, anzahl zurückgegebener Benutzer: 1 
2020-01-14 11:36:52.432 TRACE Benutzer mit Email arben_a.k@hotmail.com angemeldet, role: ADMIN 
2020-01-14 11:36:53.887 TRACE Es wurden Benutzer mit Reservationen abgerufen, anzahl zurückgegebener Benutzer: 1 
